np crf parser
data/codt-banjiao/partial/train.conll有134878个句子
train中共有108710个词
train中共有35个标签
train中共有5754个字
载入词嵌入文件后共有120829个词
data/codt-banjiao/partial/train.conll有134878个句子
data/codt-banjiao/partial/dev.conll有4666个句子
data/codt-banjiao/partial/test.conll有8106个句子
npcrf
np
Traceback (most recent call last):
  File "run.py", line 93, in <module>
    net.fit(config,train_loader,dev_loader,test_loader,f,device)
  File "/data2/jcli/data2/jcli/parser/models/crf_biaffine.py", line 195, in fit
    self.update(train_loader)
  File "/data2/jcli/data2/jcli/parser/models/crf_biaffine.py", line 130, in update
    loss,_=self.loss_function(s_arc, mask,arcs,self.args.partial)
  File "/data2/jcli/miniconda3/lib/python3.7/site-packages/torch/nn/modules/module.py", line 493, in __call__
    result = self.forward(*input, **kwargs)
  File "/data2/jcli/miniconda3/lib/python3.7/site-packages/torch/autograd/grad_mode.py", line 87, in decorate_enable_grad
    return func(*args, **kwargs)
  File "/data2/jcli/data2/jcli/parser/modules/treecrf.py", line 46, in forward
    logZ = self.matrix_tree(scores.requires_grad_(), mask)
  File "/data2/jcli/data2/jcli/parser/modules/treecrf.py", line 109, in matrix_tree
    logZ = (L[:, 1:, 1:].slogdet()[1] + m*lens).sum()
RuntimeError: slogdet(torch.DoubleTensor{[50, 44, 44]}): expected a 2D square tensor of floating types
